\BOOKMARK [1][-]{section.1}{\376\377\000A\000n\000e\000l\000\040\000d\000e\000\040\000G\000r\000a\000v\000e\000s\000a\000n\000d\000e}{}% 1
\BOOKMARK [2][-]{subsection.1.1}{\376\377\000I\000n\000t\000r\000o\000d\000u\000\347\000\343\000o}{section.1}% 2
\BOOKMARK [2][-]{subsection.1.2}{\376\377\000P\000r\000o\000c\000e\000d\000i\000m\000e\000n\000t\000o\000\040\000E\000x\000p\000e\000r\000i\000m\000e\000n\000t\000a\000l}{section.1}% 3
\BOOKMARK [3][-]{subsubsection.1.2.1}{\376\377\000M\000a\000t\000e\000r\000i\000a\000l\000\040\000U\000t\000i\000l\000i\000z\000a\000d\000o}{subsection.1.2}% 4
\BOOKMARK [3][-]{subsubsection.1.2.2}{\376\377\000A\000t\000i\000v\000i\000d\000a\000d\000e\000s}{subsection.1.2}% 5
\BOOKMARK [1][-]{section.2}{\376\377\000C\000a\000l\000o\000r\000\355\000m\000e\000t\000r\000o}{}% 6
\BOOKMARK [2][-]{subsection.2.1}{\376\377\000I\000n\000t\000r\000o\000d\000u\000\347\000\343\000o}{section.2}% 7
\BOOKMARK [2][-]{subsection.2.2}{\376\377\000P\000r\000o\000c\000e\000d\000i\000m\000e\000n\000t\000o\000\040\000E\000x\000p\000e\000r\000i\000m\000e\000n\000t\000a\000l}{section.2}% 8
\BOOKMARK [3][-]{subsubsection.2.2.1}{\376\377\000M\000a\000t\000e\000r\000i\000a\000l\000\040\000U\000t\000i\000l\000i\000z\000a\000d\000o}{subsection.2.2}% 9
\BOOKMARK [3][-]{subsubsection.2.2.2}{\376\377\000A\000t\000i\000v\000i\000d\000a\000d\000e\000s}{subsection.2.2}% 10
\BOOKMARK [1][-]{section.3}{\376\377\000C\000i\000r\000c\000u\000i\000t\000o\000s\000\040\000E\000l\000\351\000t\000r\000i\000c\000o\000s}{}% 11
\BOOKMARK [2][-]{subsection.3.1}{\376\377\000I\000n\000t\000r\000o\000d\000u\000\347\000\343\000o}{section.3}% 12
\BOOKMARK [2][-]{subsection.3.2}{\376\377\000P\000r\000o\000c\000e\000d\000i\000m\000e\000n\000t\000o\000\040\000E\000x\000p\000e\000r\000i\000m\000e\000n\000t\000a\000l}{section.3}% 13
\BOOKMARK [3][-]{subsubsection.3.2.1}{\376\377\000M\000a\000t\000e\000r\000i\000a\000l\000\040\000U\000t\000i\000l\000i\000z\000a\000d\000o}{subsection.3.2}% 14
\BOOKMARK [3][-]{subsubsection.3.2.2}{\376\377\000A\000t\000i\000v\000i\000d\000a\000d\000e\000s}{subsection.3.2}% 15
\BOOKMARK [1][-]{section.4}{\376\377\000C\000o\000l\000c\000h\000\343\000o\000\040\000d\000e\000\040\000A\000r}{}% 16
\BOOKMARK [2][-]{subsection.4.1}{\376\377\000I\000n\000t\000r\000o\000d\000u\000\347\000\343\000o}{section.4}% 17
\BOOKMARK [2][-]{subsection.4.2}{\376\377\000P\000r\000o\000c\000e\000d\000i\000m\000e\000n\000t\000o\000\040\000E\000x\000p\000e\000r\000i\000m\000e\000n\000t\000a\000l}{section.4}% 18
\BOOKMARK [3][-]{subsubsection.4.2.1}{\376\377\000M\000a\000t\000e\000r\000i\000a\000l\000\040\000U\000t\000i\000l\000i\000z\000a\000d\000o}{subsection.4.2}% 19
\BOOKMARK [3][-]{subsubsection.4.2.2}{\376\377\000A\000t\000i\000v\000i\000d\000a\000d\000e\000s}{subsection.4.2}% 20
\BOOKMARK [1][-]{section.5}{\376\377\000C\000o\000n\000j\000u\000n\000t\000o\000\040\000d\000e\000\040\000L\000a\000n\000\347\000a\000m\000e\000n\000t\000o\000\040\000d\000e\000\040\000p\000r\000o\000j\000\351\000t\000e\000i\000s}{}% 21
\BOOKMARK [2][-]{subsection.5.1}{\376\377\000I\000n\000t\000r\000o\000d\000u\000\347\000\343\000o}{section.5}% 22
\BOOKMARK [2][-]{subsection.5.2}{\376\377\000P\000r\000o\000c\000e\000d\000i\000m\000e\000n\000t\000o\000\040\000E\000x\000p\000e\000r\000i\000m\000e\000n\000t\000a\000l}{section.5}% 23
\BOOKMARK [3][-]{subsubsection.5.2.1}{\376\377\000M\000a\000t\000e\000r\000i\000a\000l\000\040\000U\000t\000i\000l\000i\000z\000a\000d\000o}{subsection.5.2}% 24
\BOOKMARK [3][-]{subsubsection.5.2.2}{\376\377\000A\000t\000i\000v\000i\000d\000a\000d\000e\000s}{subsection.5.2}% 25
\BOOKMARK [1][-]{section.6}{\376\377\000C\000o\000n\000j\000u\000n\000t\000o\000\040\000d\000e\000\040\000\323\000t\000i\000c\000a}{}% 26
\BOOKMARK [2][-]{subsection.6.1}{\376\377\000I\000n\000t\000r\000o\000d\000u\000\347\000\343\000o}{section.6}% 27
\BOOKMARK [2][-]{subsection.6.2}{\376\377\000P\000r\000o\000c\000e\000d\000i\000m\000e\000n\000t\000o\000\040\000E\000x\000p\000e\000r\000i\000m\000e\000n\000t\000a\000l}{section.6}% 28
\BOOKMARK [3][-]{subsubsection.6.2.1}{\376\377\000M\000a\000t\000e\000r\000i\000a\000l\000\040\000U\000t\000i\000l\000i\000z\000a\000d\000o}{subsection.6.2}% 29
\BOOKMARK [3][-]{subsubsection.6.2.2}{\376\377\000A\000t\000i\000v\000i\000d\000a\000d\000e\000s}{subsection.6.2}% 30
\BOOKMARK [1][-]{section.7}{\376\377\000D\000i\000l\000a\000t\000a\000\347\000\343\000o\000\040\000L\000i\000n\000e\000a\000r}{}% 31
\BOOKMARK [2][-]{subsection.7.1}{\376\377\000I\000n\000t\000r\000o\000d\000u\000\347\000\343\000o}{section.7}% 32
\BOOKMARK [2][-]{subsection.7.2}{\376\377\000P\000r\000o\000c\000e\000d\000i\000m\000e\000n\000t\000o\000\040\000E\000x\000p\000e\000r\000i\000m\000e\000n\000t\000a\000l}{section.7}% 33
\BOOKMARK [3][-]{subsubsection.7.2.1}{\376\377\000M\000a\000t\000e\000r\000i\000a\000l\000\040\000U\000t\000i\000l\000i\000z\000a\000d\000o}{subsection.7.2}% 34
\BOOKMARK [3][-]{subsubsection.7.2.2}{\376\377\000A\000t\000i\000v\000i\000d\000a\000d\000e\000s}{subsection.7.2}% 35
\BOOKMARK [1][-]{section.8}{\376\377\000E\000l\000e\000t\000r\000o\000s\000c\000\363\000p\000i\000o\000\040\000d\000e\000\040\000f\000o\000l\000h\000a\000\040\000d\000e\000\040\000a\000l\000u\000m\000\355\000n\000i\000o}{}% 36
\BOOKMARK [2][-]{subsection.8.1}{\376\377\000I\000n\000t\000r\000o\000d\000u\000\347\000\343\000o}{section.8}% 37
\BOOKMARK [2][-]{subsection.8.2}{\376\377\000P\000r\000o\000c\000e\000d\000i\000m\000e\000n\000t\000o\000\040\000E\000x\000p\000e\000r\000i\000m\000e\000n\000t\000a\000l}{section.8}% 38
\BOOKMARK [3][-]{subsubsection.8.2.1}{\376\377\000M\000a\000t\000e\000r\000i\000a\000l\000\040\000U\000t\000i\000l\000i\000z\000a\000d\000o}{subsection.8.2}% 39
\BOOKMARK [3][-]{subsubsection.8.2.2}{\376\377\000A\000t\000i\000v\000i\000d\000a\000d\000e\000s}{subsection.8.2}% 40
\BOOKMARK [1][-]{section.9}{\376\377\000E\000m\000p\000u\000x\000o}{}% 41
\BOOKMARK [2][-]{subsection.9.1}{\376\377\000I\000n\000t\000r\000o\000d\000u\000\347\000\343\000o}{section.9}% 42
\BOOKMARK [2][-]{subsection.9.2}{\376\377\000P\000r\000o\000c\000e\000d\000i\000m\000e\000n\000t\000o\000\040\000E\000x\000p\000e\000r\000i\000m\000e\000n\000t\000a\000l}{section.9}% 43
\BOOKMARK [3][-]{subsubsection.9.2.1}{\376\377\000M\000a\000t\000e\000r\000i\000a\000l\000\040\000U\000t\000i\000l\000i\000z\000a\000d\000o}{subsection.9.2}% 44
\BOOKMARK [3][-]{subsubsection.9.2.2}{\376\377\000A\000t\000i\000v\000i\000d\000a\000d\000e\000s}{subsection.9.2}% 45
\BOOKMARK [1][-]{section.10}{\376\377\000E\000x\000p\000l\000o\000s\000\355\000m\000e\000t\000r\000o}{}% 46
\BOOKMARK [2][-]{subsection.10.1}{\376\377\000I\000n\000t\000r\000o\000d\000u\000\347\000\343\000o}{section.10}% 47
\BOOKMARK [2][-]{subsection.10.2}{\376\377\000P\000r\000o\000c\000e\000d\000i\000m\000e\000n\000t\000o\000\040\000E\000x\000p\000e\000r\000i\000m\000e\000n\000t\000a\000l}{section.10}% 48
\BOOKMARK [3][-]{subsubsection.10.2.1}{\376\377\000M\000a\000t\000e\000r\000i\000a\000l\000\040\000U\000t\000i\000l\000i\000z\000a\000d\000o}{subsection.10.2}% 49
\BOOKMARK [3][-]{subsubsection.10.2.2}{\376\377\000A\000t\000i\000v\000i\000d\000a\000d\000e\000s}{subsection.10.2}% 50
\BOOKMARK [1][-]{section.11}{\376\377\000G\000e\000r\000a\000d\000o\000r\000\040\000d\000e\000\040\000V\000a\000n\000\040\000d\000e\000r\000\040\000G\000r\000a\000a\000f}{}% 51
\BOOKMARK [2][-]{subsection.11.1}{\376\377\000I\000n\000t\000r\000o\000d\000u\000\347\000\343\000o}{section.11}% 52
\BOOKMARK [2][-]{subsection.11.2}{\376\377\000P\000r\000o\000c\000e\000d\000i\000m\000e\000n\000t\000o\000\040\000E\000x\000p\000e\000r\000i\000m\000e\000n\000t\000a\000l}{section.11}% 53
\BOOKMARK [3][-]{subsubsection.11.2.1}{\376\377\000M\000a\000t\000e\000r\000i\000a\000l\000\040\000U\000t\000i\000l\000i\000z\000a\000d\000o}{subsection.11.2}% 54
\BOOKMARK [3][-]{subsubsection.11.2.2}{\376\377\000A\000t\000i\000v\000i\000d\000a\000d\000e\000s}{subsection.11.2}% 55
\BOOKMARK [1][-]{section.12}{\376\377\000H\000e\000m\000i\000s\000f\000\351\000r\000i\000o\000\040\000d\000e\000\040\000M\000a\000g\000d\000b\000u\000r\000g}{}% 56
\BOOKMARK [2][-]{subsection.12.1}{\376\377\000I\000n\000t\000r\000o\000d\000u\000\347\000\343\000o}{section.12}% 57
\BOOKMARK [2][-]{subsection.12.2}{\376\377\000P\000r\000o\000c\000e\000d\000i\000m\000e\000n\000t\000o\000\040\000E\000x\000p\000e\000r\000i\000m\000e\000n\000t\000a\000l}{section.12}% 58
\BOOKMARK [3][-]{subsubsection.12.2.1}{\376\377\000M\000a\000t\000e\000r\000i\000a\000l\000\040\000U\000t\000i\000l\000i\000z\000a\000d\000o}{subsection.12.2}% 59
\BOOKMARK [3][-]{subsubsection.12.2.2}{\376\377\000A\000t\000i\000v\000i\000d\000a\000d\000e\000s}{subsection.12.2}% 60
\BOOKMARK [1][-]{section.13}{\376\377\000P\000a\000i\000n\000e\000l\000\040\000H\000i\000d\000r\000o\000s\000t\000\341\000t\000i\000c\000o}{}% 61
\BOOKMARK [2][-]{subsection.13.1}{\376\377\000I\000n\000t\000r\000o\000d\000u\000\347\000\343\000o}{section.13}% 62
\BOOKMARK [2][-]{subsection.13.2}{\376\377\000P\000r\000o\000c\000e\000d\000i\000m\000e\000n\000t\000o\000\040\000E\000x\000p\000e\000r\000i\000m\000e\000n\000t\000a\000l}{section.13}% 63
\BOOKMARK [3][-]{subsubsection.13.2.1}{\376\377\000M\000a\000t\000e\000r\000i\000a\000l\000\040\000U\000t\000i\000l\000i\000z\000a\000d\000o}{subsection.13.2}% 64
\BOOKMARK [3][-]{subsubsection.13.2.2}{\376\377\000A\000t\000i\000v\000i\000d\000a\000d\000e\000s}{subsection.13.2}% 65
\BOOKMARK [1][-]{section.14}{\376\377\000P\000l\000a\000n\000o\000\040\000I\000n\000c\000l\000i\000n\000a\000d\000o}{}% 66
\BOOKMARK [2][-]{subsection.14.1}{\376\377\000I\000n\000t\000r\000o\000d\000u\000\347\000\343\000o}{section.14}% 67
\BOOKMARK [2][-]{subsection.14.2}{\376\377\000P\000r\000o\000c\000e\000d\000i\000m\000e\000n\000t\000o\000\040\000E\000x\000p\000e\000r\000i\000m\000e\000n\000t\000a\000l}{section.14}% 68
\BOOKMARK [3][-]{subsubsection.14.2.1}{\376\377\000M\000a\000t\000e\000r\000i\000a\000l\000\040\000U\000t\000i\000l\000i\000z\000a\000d\000o}{subsection.14.2}% 69
\BOOKMARK [3][-]{subsubsection.14.2.2}{\376\377\000A\000t\000i\000v\000i\000d\000a\000d\000e\000s}{subsection.14.2}% 70
\BOOKMARK [1][-]{section.15}{\376\377\000Q\000u\000e\000d\000a\000\040\000L\000i\000v\000r\000e}{}% 71
\BOOKMARK [2][-]{subsection.15.1}{\376\377\000I\000n\000t\000r\000o\000d\000u\000\347\000\343\000o}{section.15}% 72
\BOOKMARK [2][-]{subsection.15.2}{\376\377\000P\000r\000o\000c\000e\000d\000i\000m\000e\000n\000t\000o\000\040\000E\000x\000p\000e\000r\000i\000m\000e\000n\000t\000a\000l}{section.15}% 73
\BOOKMARK [3][-]{subsubsection.15.2.1}{\376\377\000M\000a\000t\000e\000r\000i\000a\000l\000\040\000U\000t\000i\000l\000i\000z\000a\000d\000o}{subsection.15.2}% 74
\BOOKMARK [3][-]{subsubsection.15.2.2}{\376\377\000A\000t\000i\000v\000i\000d\000a\000d\000e\000s}{subsection.15.2}% 75
\BOOKMARK [1][-]{section.16}{\376\377\000R\000a\000d\000i\000\364\000m\000e\000t\000r\000o}{}% 76
\BOOKMARK [2][-]{subsection.16.1}{\376\377\000I\000n\000t\000r\000o\000d\000u\000\347\000\343\000o}{section.16}% 77
\BOOKMARK [2][-]{subsection.16.2}{\376\377\000P\000r\000o\000c\000e\000d\000i\000m\000e\000n\000t\000o\000\040\000E\000x\000p\000e\000r\000i\000m\000e\000n\000t\000a\000l}{section.16}% 78
\BOOKMARK [3][-]{subsubsection.16.2.1}{\376\377\000M\000a\000t\000e\000r\000i\000a\000l\000\040\000U\000t\000i\000l\000i\000z\000a\000d\000o}{subsection.16.2}% 79
\BOOKMARK [3][-]{subsubsection.16.2.2}{\376\377\000A\000t\000i\000v\000i\000d\000a\000d\000e\000s}{subsection.16.2}% 80
\BOOKMARK [1][-]{section.17}{\376\377\000V\000i\000s\000u\000a\000l\000i\000z\000a\000d\000o\000r\000\040\000d\000e\000\040\000C\000a\000m\000p\000o\000\040\000M\000a\000g\000n\000\351\000t\000i\000c\000o}{}% 81
\BOOKMARK [2][-]{subsection.17.1}{\376\377\000I\000n\000t\000r\000o\000d\000u\000\347\000\343\000o}{section.17}% 82
\BOOKMARK [2][-]{subsection.17.2}{\376\377\000P\000r\000o\000c\000e\000d\000i\000m\000e\000n\000t\000o\000\040\000E\000x\000p\000e\000r\000i\000m\000e\000n\000t\000a\000l}{section.17}% 83
\BOOKMARK [3][-]{subsubsection.17.2.1}{\376\377\000M\000a\000t\000e\000r\000i\000a\000l\000\040\000U\000t\000i\000l\000i\000z\000a\000d\000o}{subsection.17.2}% 84
\BOOKMARK [3][-]{subsubsection.17.2.2}{\376\377\000A\000t\000i\000v\000i\000d\000a\000d\000e\000s}{subsection.17.2}% 85
\BOOKMARK [1][-]{section.18}{\376\377\000R\000e\000f\000e\000r\000\352\000n\000c\000i\000a\000s\000\040\000B\000i\000b\000l\000i\000o\000g\000r\000\341\000f\000i\000c\000a\000s}{}% 86
